  [1m[36m (84.5ms)[0m  [1mCREATE TABLE "schema_migrations" ("version" varchar(255) NOT NULL) [0m
  [1m[35m (153.2ms)[0m  CREATE UNIQUE INDEX "unique_schema_migrations" ON "schema_migrations" ("version")
  [1m[36mActiveRecord::SchemaMigration Load (3.3ms)[0m  [1mSELECT "schema_migrations".* FROM "schema_migrations"[0m
Migrating to DeviseCreateUsers (20130801075915)
  [1m[35m (0.2ms)[0m  begin transaction
  [1m[36m (0.9ms)[0m  [1mCREATE TABLE "users" ("id" INTEGER PRIMARY KEY AUTOINCREMENT NOT NULL, "email" varchar(255) DEFAULT '' NOT NULL, "encrypted_password" varchar(255) DEFAULT '' NOT NULL, "reset_password_token" varchar(255), "reset_password_sent_at" datetime, "remember_created_at" datetime, "sign_in_count" integer DEFAULT 0, "current_sign_in_at" datetime, "last_sign_in_at" datetime, "current_sign_in_ip" varchar(255), "last_sign_in_ip" varchar(255), "fname" varchar(255), "lname" varchar(255), "created_at" datetime, "updated_at" datetime) [0m
  [1m[35m (0.6ms)[0m  CREATE UNIQUE INDEX "index_users_on_email" ON "users" ("email")
  [1m[36m (0.3ms)[0m  [1mCREATE UNIQUE INDEX "index_users_on_reset_password_token" ON "users" ("reset_password_token")[0m
  [1m[35mSQL (0.4ms)[0m  INSERT INTO "schema_migrations" ("version") VALUES (?)  [["version", "20130801075915"]]
  [1m[36m (28.5ms)[0m  [1mcommit transaction[0m
Migrating to CreateProjects (20130801080357)
  [1m[35m (0.2ms)[0m  begin transaction
  [1m[36m (0.8ms)[0m  [1mCREATE TABLE "projects" ("id" INTEGER PRIMARY KEY AUTOINCREMENT NOT NULL, "name" varchar(255), "created_at" datetime, "updated_at" datetime) [0m
  [1m[35mSQL (0.4ms)[0m  INSERT INTO "schema_migrations" ("version") VALUES (?)  [["version", "20130801080357"]]
  [1m[36m (8.0ms)[0m  [1mcommit transaction[0m
Migrating to CreateProjectUsers (20130801084803)
  [1m[35m (0.2ms)[0m  begin transaction
  [1m[36m (0.7ms)[0m  [1mCREATE TABLE "project_users" ("id" INTEGER PRIMARY KEY AUTOINCREMENT NOT NULL, "project_id" integer, "user_id" integer, "role" integer DEFAULT 1, "created_at" datetime, "updated_at" datetime) [0m
  [1m[35m (0.3ms)[0m  CREATE INDEX "index_project_users_on_project_id" ON "project_users" ("project_id")
  [1m[36m (0.3ms)[0m  [1mCREATE INDEX "index_project_users_on_user_id" ON "project_users" ("user_id")[0m
  [1m[35mSQL (0.3ms)[0m  INSERT INTO "schema_migrations" ("version") VALUES (?)  [["version", "20130801084803"]]
  [1m[36m (15.1ms)[0m  [1mcommit transaction[0m
  [1m[35mActiveRecord::SchemaMigration Load (0.2ms)[0m  SELECT "schema_migrations".* FROM "schema_migrations"


Started GET "/" for 180.250.39.194 at 2014-12-17 05:15:21 +0700
  [1m[36mActiveRecord::SchemaMigration Load (0.2ms)[0m  [1mSELECT "schema_migrations".* FROM "schema_migrations"[0m
Processing by PagesController#home as HTML
  Rendered pages/home.html.erb within layouts/application (65.7ms)
Completed 200 OK in 1265ms (Views: 1264.5ms | ActiveRecord: 0.0ms)


Started GET "/" for 180.250.39.194 at 2014-12-17 05:15:23 +0700
Processing by PagesController#home as HTML
  Rendered pages/home.html.erb within layouts/application (0.2ms)
Completed 200 OK in 19ms (Views: 19.0ms | ActiveRecord: 0.0ms)


Started GET "/projects" for 180.250.39.194 at 2014-12-17 05:15:29 +0700
Processing by ProjectsController#index as HTML
  [1m[35mProject Load (0.6ms)[0m  SELECT "projects".* FROM "projects" LIMIT 10 OFFSET 0
  [1m[36m (0.2ms)[0m  [1mSELECT COUNT(*) FROM "projects"[0m
  Rendered projects/index.html.erb within layouts/application (96.9ms)
Completed 200 OK in 216ms (Views: 184.9ms | ActiveRecord: 2.4ms)


Started GET "/projects/new" for 180.250.39.194 at 2014-12-17 05:15:31 +0700
Processing by ProjectsController#new as HTML
  Rendered projects/_form.html.erb (190.0ms)
  Rendered projects/new.html.erb within layouts/application (251.9ms)
Completed 200 OK in 310ms (Views: 309.2ms | ActiveRecord: 0.0ms)


Started POST "/projects" for 180.250.39.194 at 2014-12-17 05:15:42 +0700
Processing by ProjectsController#create as HTML
  Parameters: {"utf8"=>"✓", "authenticity_token"=>"Gj8DJoyD1xjrhD128ur9cC7EiMBWZM7p6QVrg69dAcw=", "project"=>{"name"=>"hay"}, "commit"=>"Create Project"}
  [1m[35m (0.1ms)[0m  begin transaction
  [1m[36mSQL (18.8ms)[0m  [1mINSERT INTO "projects" ("created_at", "name", "updated_at") VALUES (?, ?, ?)[0m  [["created_at", Tue, 16 Dec 2014 22:15:42 UTC +00:00], ["name", "hay"], ["updated_at", Tue, 16 Dec 2014 22:15:42 UTC +00:00]]
  [1m[35m (44.8ms)[0m  commit transaction
Redirected to http://akudiphp.in:3000/projects/1
Completed 302 Found in 72ms (ActiveRecord: 63.7ms)


Started GET "/projects/1" for 180.250.39.194 at 2014-12-17 05:15:42 +0700
Processing by ProjectsController#show as HTML
  Parameters: {"id"=>"1"}
  [1m[36mProject Load (0.4ms)[0m  [1mSELECT "projects".* FROM "projects" WHERE "projects"."id" = ? LIMIT 1[0m  [["id", "1"]]
  Rendered projects/show.html.erb within layouts/application (2.9ms)
Completed 200 OK in 48ms (Views: 45.3ms | ActiveRecord: 0.4ms)


Started GET "/projects/1/edit" for 180.250.39.194 at 2014-12-17 05:15:47 +0700
Processing by ProjectsController#edit as HTML
  Parameters: {"id"=>"1"}
  [1m[35mProject Load (0.3ms)[0m  SELECT "projects".* FROM "projects" WHERE "projects"."id" = ? LIMIT 1  [["id", "1"]]
  Rendered projects/_form.html.erb (7.8ms)
  Rendered projects/edit.html.erb within layouts/application (12.5ms)
Completed 200 OK in 48ms (Views: 45.4ms | ActiveRecord: 0.3ms)


Started GET "/projects" for 180.250.39.194 at 2014-12-17 05:15:49 +0700
Processing by ProjectsController#index as HTML
  [1m[36mProject Load (0.4ms)[0m  [1mSELECT "projects".* FROM "projects" LIMIT 10 OFFSET 0[0m
  [1m[35m (0.4ms)[0m  SELECT COUNT(*) FROM "projects"
  Rendered projects/index.html.erb within layouts/application (9.6ms)
Completed 200 OK in 25ms (Views: 23.6ms | ActiveRecord: 0.8ms)


Started GET "/projects/1" for 180.250.39.194 at 2014-12-17 05:15:51 +0700
Processing by ProjectsController#show as HTML
  Parameters: {"id"=>"1"}
  [1m[36mProject Load (0.3ms)[0m  [1mSELECT "projects".* FROM "projects" WHERE "projects"."id" = ? LIMIT 1[0m  [["id", "1"]]
  Rendered projects/show.html.erb within layouts/application (1.9ms)
Completed 200 OK in 22ms (Views: 20.0ms | ActiveRecord: 0.3ms)


Started GET "/projects/1/edit" for 180.250.39.194 at 2014-12-17 05:15:54 +0700
Processing by ProjectsController#edit as HTML
  Parameters: {"id"=>"1"}
  [1m[35mProject Load (0.2ms)[0m  SELECT "projects".* FROM "projects" WHERE "projects"."id" = ? LIMIT 1  [["id", "1"]]
  Rendered projects/_form.html.erb (3.9ms)
  Rendered projects/edit.html.erb within layouts/application (5.7ms)
Completed 200 OK in 19ms (Views: 17.7ms | ActiveRecord: 0.2ms)


Started GET "/users/sign_up" for 180.250.39.194 at 2014-12-17 05:16:05 +0700
Processing by Devise::RegistrationsController#new as HTML
  Rendered /usr/local/lib/ruby/gems/2.0/gems/devise-3.0.0/app/views/devise/shared/_links.erb (2.9ms)
  Rendered /usr/local/lib/ruby/gems/2.0/gems/devise-3.0.0/app/views/devise/registrations/new.html.erb within layouts/application (244.6ms)
Completed 200 OK in 452ms (Views: 445.6ms | ActiveRecord: 1.0ms)


Started POST "/users" for 180.250.39.194 at 2014-12-17 05:16:16 +0700
Processing by Devise::RegistrationsController#create as HTML
  Parameters: {"utf8"=>"✓", "authenticity_token"=>"Gj8DJoyD1xjrhD128ur9cC7EiMBWZM7p6QVrg69dAcw=", "user"=>{"email"=>"rizkylab@gmail.com", "password"=>"[FILTERED]", "password_confirmation"=>"[FILTERED]"}, "commit"=>"Sign up"}
  [1m[36m (0.3ms)[0m  [1mbegin transaction[0m
  [1m[35mUser Exists (0.4ms)[0m  SELECT 1 AS one FROM "users" WHERE "users"."email" = 'rizkylab@gmail.com' LIMIT 1
Binary data inserted for `string` type on column `encrypted_password`
  [1m[36mSQL (1.3ms)[0m  [1mINSERT INTO "users" ("created_at", "email", "encrypted_password", "updated_at") VALUES (?, ?, ?, ?)[0m  [["created_at", Tue, 16 Dec 2014 22:16:16 UTC +00:00], ["email", "rizkylab@gmail.com"], ["encrypted_password", "$2a$10$Ll/KZy0kdEqJqRodmx8J6Ot/LdF4you.XqbtI7dVoJykOcn.i1u.6"], ["updated_at", Tue, 16 Dec 2014 22:16:16 UTC +00:00]]
  [1m[35m (15.3ms)[0m  commit transaction
  [1m[36m (0.2ms)[0m  [1mbegin transaction[0m
Binary data inserted for `string` type on column `last_sign_in_ip`
Binary data inserted for `string` type on column `current_sign_in_ip`
  [1m[35mSQL (1.7ms)[0m  UPDATE "users" SET "last_sign_in_at" = ?, "current_sign_in_at" = ?, "last_sign_in_ip" = ?, "current_sign_in_ip" = ?, "sign_in_count" = ?, "updated_at" = ? WHERE "users"."id" = 1  [["last_sign_in_at", Tue, 16 Dec 2014 22:16:16 UTC +00:00], ["current_sign_in_at", Tue, 16 Dec 2014 22:16:16 UTC +00:00], ["last_sign_in_ip", "180.250.39.194"], ["current_sign_in_ip", "180.250.39.194"], ["sign_in_count", 1], ["updated_at", Tue, 16 Dec 2014 22:16:16 UTC +00:00]]
  [1m[36m (30.6ms)[0m  [1mcommit transaction[0m
Redirected to http://akudiphp.in:3000/
Completed 302 Found in 361ms (ActiveRecord: 49.7ms)


Started GET "/" for 180.250.39.194 at 2014-12-17 05:16:17 +0700
Processing by PagesController#home as HTML
  Rendered pages/home.html.erb within layouts/application (0.1ms)
  [1m[35mUser Load (0.4ms)[0m  SELECT "users".* FROM "users" WHERE "users"."id" = 1 ORDER BY "users"."id" ASC LIMIT 1
Completed 200 OK in 97ms (Views: 96.1ms | ActiveRecord: 0.4ms)


Started GET "/users/edit" for 180.250.39.194 at 2014-12-17 05:16:25 +0700
Processing by Devise::RegistrationsController#edit as HTML
  [1m[36mUser Load (0.4ms)[0m  [1mSELECT "users".* FROM "users" WHERE "users"."id" = 1 ORDER BY "users"."id" ASC LIMIT 1[0m
  Rendered /usr/local/lib/ruby/gems/2.0/gems/devise-3.0.0/app/views/devise/registrations/edit.html.erb within layouts/application (8.2ms)
Completed 200 OK in 214ms (Views: 210.7ms | ActiveRecord: 0.4ms)


Started GET "/" for 180.250.39.194 at 2014-12-17 05:16:33 +0700
Processing by PagesController#home as HTML
  Rendered pages/home.html.erb within layouts/application (0.1ms)
  [1m[35mUser Load (0.7ms)[0m  SELECT "users".* FROM "users" WHERE "users"."id" = 1 ORDER BY "users"."id" ASC LIMIT 1
Completed 200 OK in 22ms (Views: 20.4ms | ActiveRecord: 0.7ms)


Started GET "/" for 180.250.39.194 at 2014-12-17 05:20:24 +0700
  [1m[36mActiveRecord::SchemaMigration Load (0.5ms)[0m  [1mSELECT "schema_migrations".* FROM "schema_migrations"[0m
Processing by PagesController#home as HTML
  Rendered pages/home.html.erb within layouts/application (3.9ms)
  [1m[35mUser Load (0.6ms)[0m  SELECT "users".* FROM "users" WHERE "users"."id" = 1 ORDER BY "users"."id" ASC LIMIT 1
Completed 200 OK in 353ms (Views: 349.4ms | ActiveRecord: 2.3ms)


Started GET "/users/edit" for 180.250.39.194 at 2014-12-17 05:22:25 +0700
Processing by Devise::RegistrationsController#edit as HTML
  [1m[36mUser Load (0.4ms)[0m  [1mSELECT "users".* FROM "users" WHERE "users"."id" = 1 ORDER BY "users"."id" ASC LIMIT 1[0m
  Rendered /usr/local/lib/ruby/gems/2.0/gems/devise-3.0.0/app/views/devise/registrations/edit.html.erb within layouts/application (64.0ms)
Completed 200 OK in 86ms (Views: 82.4ms | ActiveRecord: 0.4ms)


Started GET "/projects" for 180.250.39.194 at 2014-12-17 05:22:27 +0700
Processing by ProjectsController#index as HTML
  [1m[35mProject Load (0.5ms)[0m  SELECT "projects".* FROM "projects" LIMIT 10 OFFSET 0
  [1m[36m (0.3ms)[0m  [1mSELECT COUNT(*) FROM "projects"[0m
  Rendered projects/index.html.erb within layouts/application (23.6ms)
  [1m[35mUser Load (0.4ms)[0m  SELECT "users".* FROM "users" WHERE "users"."id" = 1 ORDER BY "users"."id" ASC LIMIT 1
Completed 200 OK in 47ms (Views: 37.1ms | ActiveRecord: 1.7ms)


Started GET "/projects/new" for 180.250.39.194 at 2014-12-17 05:22:31 +0700
Processing by ProjectsController#new as HTML
  Rendered projects/_form.html.erb (7.2ms)
  Rendered projects/new.html.erb within layouts/application (9.6ms)
  [1m[36mUser Load (0.4ms)[0m  [1mSELECT "users".* FROM "users" WHERE "users"."id" = 1 ORDER BY "users"."id" ASC LIMIT 1[0m
Completed 200 OK in 26ms (Views: 24.8ms | ActiveRecord: 0.4ms)


Started POST "/projects" for 180.250.39.194 at 2014-12-17 05:22:34 +0700
Processing by ProjectsController#create as HTML
  Parameters: {"utf8"=>"✓", "authenticity_token"=>"Gj8DJoyD1xjrhD128ur9cC7EiMBWZM7p6QVrg69dAcw=", "project"=>{"name"=>"sss"}, "commit"=>"Create Project"}
  [1m[35m (0.2ms)[0m  begin transaction
  [1m[36mSQL (5.3ms)[0m  [1mINSERT INTO "projects" ("created_at", "name", "updated_at") VALUES (?, ?, ?)[0m  [["created_at", Tue, 16 Dec 2014 22:22:34 UTC +00:00], ["name", "sss"], ["updated_at", Tue, 16 Dec 2014 22:22:34 UTC +00:00]]
  [1m[35m (3.2ms)[0m  commit transaction
Redirected to http://akudiphp.in:3000/projects/2
Completed 302 Found in 16ms (ActiveRecord: 8.6ms)


Started GET "/projects/2" for 180.250.39.194 at 2014-12-17 05:22:34 +0700
Processing by ProjectsController#show as HTML
  Parameters: {"id"=>"2"}
  [1m[36mProject Load (0.4ms)[0m  [1mSELECT "projects".* FROM "projects" WHERE "projects"."id" = ? LIMIT 1[0m  [["id", "2"]]
  Rendered projects/show.html.erb within layouts/application (2.7ms)
  [1m[35mUser Load (0.4ms)[0m  SELECT "users".* FROM "users" WHERE "users"."id" = 1 ORDER BY "users"."id" ASC LIMIT 1
Completed 200 OK in 20ms (Views: 17.2ms | ActiveRecord: 0.8ms)


Started GET "/" for 180.250.39.194 at 2014-12-17 05:22:55 +0700
Processing by PagesController#home as HTML
  Rendered pages/home.html.erb within layouts/application (0.9ms)
  [1m[36mUser Load (0.6ms)[0m  [1mSELECT "users".* FROM "users" WHERE "users"."id" = 1 ORDER BY "users"."id" ASC LIMIT 1[0m
Completed 200 OK in 26ms (Views: 24.5ms | ActiveRecord: 0.6ms)


Started GET "/projects" for 180.250.39.194 at 2014-12-17 05:23:07 +0700
Processing by ProjectsController#index as HTML
  [1m[35mProject Load (0.6ms)[0m  SELECT "projects".* FROM "projects" LIMIT 10 OFFSET 0
  [1m[36m (0.4ms)[0m  [1mSELECT COUNT(*) FROM "projects"[0m
  Rendered projects/index.html.erb within layouts/application (12.7ms)
  [1m[35mUser Load (0.5ms)[0m  SELECT "users".* FROM "users" WHERE "users"."id" = 1 ORDER BY "users"."id" ASC LIMIT 1
Completed 200 OK in 34ms (Views: 30.8ms | ActiveRecord: 1.5ms)


Started DELETE "/projects/1" for 180.250.39.194 at 2014-12-17 05:23:11 +0700
Processing by ProjectsController#destroy as HTML
  Parameters: {"authenticity_token"=>"Gj8DJoyD1xjrhD128ur9cC7EiMBWZM7p6QVrg69dAcw=", "id"=>"1"}
  [1m[36mProject Load (0.4ms)[0m  [1mSELECT "projects".* FROM "projects" WHERE "projects"."id" = ? LIMIT 1[0m  [["id", "1"]]
  [1m[35m (0.2ms)[0m  begin transaction
  [1m[36mSQL (0.8ms)[0m  [1mDELETE FROM "projects" WHERE "projects"."id" = ?[0m  [["id", 1]]
  [1m[35m (130.7ms)[0m  commit transaction
Redirected to http://akudiphp.in:3000/projects
Completed 302 Found in 140ms (ActiveRecord: 132.0ms)


Started GET "/projects" for 180.250.39.194 at 2014-12-17 05:23:12 +0700
Processing by ProjectsController#index as HTML
  [1m[36mProject Load (0.4ms)[0m  [1mSELECT "projects".* FROM "projects" LIMIT 10 OFFSET 0[0m
  [1m[35m (0.3ms)[0m  SELECT COUNT(*) FROM "projects"
  Rendered projects/index.html.erb within layouts/application (8.3ms)
  [1m[36mUser Load (0.6ms)[0m  [1mSELECT "users".* FROM "users" WHERE "users"."id" = 1 ORDER BY "users"."id" ASC LIMIT 1[0m
Completed 200 OK in 25ms (Views: 22.6ms | ActiveRecord: 1.3ms)


Started GET "/" for 180.250.39.194 at 2014-12-17 05:23:21 +0700
Processing by PagesController#home as HTML
  Rendered pages/home.html.erb within layouts/application (0.1ms)
  [1m[35mUser Load (0.5ms)[0m  SELECT "users".* FROM "users" WHERE "users"."id" = 1 ORDER BY "users"."id" ASC LIMIT 1
Completed 200 OK in 19ms (Views: 17.6ms | ActiveRecord: 0.5ms)


Started GET "/" for 180.250.39.194 at 2014-12-17 05:25:25 +0700
Processing by PagesController#home as HTML
  Rendered pages/home.html.erb within layouts/application (0.1ms)
  [1m[36mUser Load (0.6ms)[0m  [1mSELECT "users".* FROM "users" WHERE "users"."id" = 1 ORDER BY "users"."id" ASC LIMIT 1[0m
Completed 200 OK in 24ms (Views: 23.1ms | ActiveRecord: 0.6ms)


Started GET "/" for 180.250.39.194 at 2014-12-17 05:26:43 +0700
Processing by PagesController#home as HTML
  Rendered pages/home.html.erb within layouts/application (0.1ms)
  [1m[35mUser Load (0.5ms)[0m  SELECT "users".* FROM "users" WHERE "users"."id" = 1 ORDER BY "users"."id" ASC LIMIT 1
Completed 200 OK in 21ms (Views: 19.9ms | ActiveRecord: 0.5ms)


Started GET "/projects" for 180.250.39.194 at 2014-12-17 05:26:47 +0700
Processing by ProjectsController#index as HTML
  [1m[36mProject Load (0.7ms)[0m  [1mSELECT "projects".* FROM "projects" LIMIT 10 OFFSET 0[0m
  [1m[35m (0.5ms)[0m  SELECT COUNT(*) FROM "projects"
  Rendered projects/index.html.erb within layouts/application (13.9ms)
  [1m[36mUser Load (0.6ms)[0m  [1mSELECT "users".* FROM "users" WHERE "users"."id" = 1 ORDER BY "users"."id" ASC LIMIT 1[0m
Completed 200 OK in 39ms (Views: 35.5ms | ActiveRecord: 1.8ms)


Started GET "/projects" for 180.250.39.194 at 2014-12-17 05:28:00 +0700
Processing by ProjectsController#index as HTML
  [1m[35mProject Load (0.4ms)[0m  SELECT "projects".* FROM "projects" LIMIT 10 OFFSET 0
  [1m[36m (0.3ms)[0m  [1mSELECT COUNT(*) FROM "projects"[0m
  Rendered projects/index.html.erb within layouts/application (7.6ms)
  [1m[35mUser Load (0.7ms)[0m  SELECT "users".* FROM "users" WHERE "users"."id" = 1 ORDER BY "users"."id" ASC LIMIT 1
Completed 200 OK in 24ms (Views: 21.5ms | ActiveRecord: 1.4ms)


Started GET "/" for 180.250.39.194 at 2014-12-17 05:28:02 +0700
Processing by PagesController#home as HTML
  Rendered pages/home.html.erb within layouts/application (0.2ms)
  [1m[36mUser Load (0.6ms)[0m  [1mSELECT "users".* FROM "users" WHERE "users"."id" = 1 ORDER BY "users"."id" ASC LIMIT 1[0m
Completed 200 OK in 22ms (Views: 21.4ms | ActiveRecord: 0.6ms)


Started DELETE "/users/sign_out" for 180.250.39.194 at 2014-12-17 05:28:07 +0700
Processing by Devise::SessionsController#destroy as HTML
  Parameters: {"authenticity_token"=>"Gj8DJoyD1xjrhD128ur9cC7EiMBWZM7p6QVrg69dAcw="}
  [1m[35mUser Load (0.4ms)[0m  SELECT "users".* FROM "users" WHERE "users"."id" = 1 ORDER BY "users"."id" ASC LIMIT 1
  [1m[36m (0.2ms)[0m  [1mbegin transaction[0m
  [1m[35m (0.2ms)[0m  commit transaction
Redirected to http://akudiphp.in:3000/
Completed 302 Found in 109ms (ActiveRecord: 0.7ms)


Started GET "/" for 180.250.39.194 at 2014-12-17 05:28:07 +0700
Processing by PagesController#home as HTML
  Rendered pages/home.html.erb within layouts/application (0.2ms)
Completed 200 OK in 23ms (Views: 22.7ms | ActiveRecord: 0.0ms)


Started GET "/" for 180.250.39.194 at 2014-12-17 05:37:59 +0700
Processing by PagesController#home as HTML
  Rendered pages/home.html.erb within layouts/application (0.1ms)
Completed 200 OK in 51ms (Views: 50.6ms | ActiveRecord: 0.0ms)


Started GET "/projects" for 180.250.39.194 at 2014-12-17 05:38:02 +0700
Processing by ProjectsController#index as HTML
  [1m[36mProject Load (0.7ms)[0m  [1mSELECT "projects".* FROM "projects" LIMIT 10 OFFSET 0[0m
  [1m[35m (0.5ms)[0m  SELECT COUNT(*) FROM "projects"
  Rendered projects/index.html.erb within layouts/application (82.0ms)
Completed 200 OK in 100ms (Views: 97.5ms | ActiveRecord: 1.1ms)


Started GET "/projects/new" for 180.250.39.194 at 2014-12-17 05:38:06 +0700
Processing by ProjectsController#new as HTML
  Rendered projects/_form.html.erb (5.2ms)
  Rendered projects/new.html.erb within layouts/application (7.3ms)
Completed 200 OK in 23ms (Views: 22.5ms | ActiveRecord: 0.0ms)


Started POST "/projects" for 180.250.39.194 at 2014-12-17 05:38:10 +0700
Processing by ProjectsController#create as HTML
  Parameters: {"utf8"=>"✓", "authenticity_token"=>"fHSWuOLiqm1ywPASfT17qZc04jgDA2Qgzn/shWTGz0Q=", "project"=>{"name"=>"hay"}, "commit"=>"Create Project"}
  [1m[36m (0.2ms)[0m  [1mbegin transaction[0m
  [1m[35mSQL (0.7ms)[0m  INSERT INTO "projects" ("created_at", "name", "updated_at") VALUES (?, ?, ?)  [["created_at", Tue, 16 Dec 2014 22:38:10 UTC +00:00], ["name", "hay"], ["updated_at", Tue, 16 Dec 2014 22:38:10 UTC +00:00]]
  [1m[36m (72.2ms)[0m  [1mcommit transaction[0m
Redirected to http://akudiphp.in:3000/projects/3
Completed 302 Found in 79ms (ActiveRecord: 73.1ms)


Started GET "/projects/3" for 180.250.39.194 at 2014-12-17 05:38:10 +0700
Processing by ProjectsController#show as HTML
  Parameters: {"id"=>"3"}
  [1m[35mProject Load (0.3ms)[0m  SELECT "projects".* FROM "projects" WHERE "projects"."id" = ? LIMIT 1  [["id", "3"]]
  Rendered projects/show.html.erb within layouts/application (1.7ms)
Completed 200 OK in 22ms (Views: 20.1ms | ActiveRecord: 0.3ms)


Started GET "/projects" for 180.250.39.194 at 2014-12-17 05:38:15 +0700
Processing by ProjectsController#index as HTML
  [1m[36mProject Load (0.3ms)[0m  [1mSELECT "projects".* FROM "projects" LIMIT 10 OFFSET 0[0m
  [1m[35m (0.2ms)[0m  SELECT COUNT(*) FROM "projects"
  Rendered projects/index.html.erb within layouts/application (7.9ms)
Completed 200 OK in 21ms (Views: 19.5ms | ActiveRecord: 0.5ms)


Started GET "/projects/2/edit" for 180.250.39.194 at 2014-12-17 05:55:07 +0700
Processing by ProjectsController#edit as HTML
  Parameters: {"id"=>"2"}
  [1m[36mProject Load (0.3ms)[0m  [1mSELECT "projects".* FROM "projects" WHERE "projects"."id" = ? LIMIT 1[0m  [["id", "2"]]
  Rendered projects/_form.html.erb (3.9ms)
  Rendered projects/edit.html.erb within layouts/application (6.6ms)
Completed 200 OK in 20ms (Views: 18.2ms | ActiveRecord: 0.3ms)
